This file contains any messages produced by compilers while
running configure, to aid debugging if configure makes a mistake.

It was created by aceto configure 0.0.5, which was
generated by GNU Autoconf 2.69.  Invocation command line was

  $ ./configure 

## --------- ##
## Platform. ##
## --------- ##

hostname = Tomass-MacBook-Pro.local
uname -m = x86_64
uname -r = 16.7.0
uname -s = Darwin
uname -v = Darwin Kernel Version 16.7.0: Thu Jun 15 17:36:27 PDT 2017; root:xnu-3789.70.16~2/RELEASE_X86_64

/usr/bin/uname -p = i386
/bin/uname -X     = unknown

/bin/arch              = unknown
/usr/bin/arch -k       = unknown
/usr/convex/getsysinfo = unknown
/usr/bin/hostinfo      = Mach kernel version:
	 Darwin Kernel Version 16.7.0: Thu Jun 15 17:36:27 PDT 2017; root:xnu-3789.70.16~2/RELEASE_X86_64
Kernel configured for up to 4 processors.
2 processors are physically available.
4 processors are logically available.
Processor type: x86_64h (Intel x86-64h Haswell)
Processors active: 0 1 2 3
Primary memory available: 8.00 gigabytes
Default processor set: 312 tasks, 1375 threads, 4 processors
Load average: 1.79, Mach factor: 2.20
/bin/machine           = unknown
/usr/bin/oslevel       = unknown
/bin/universe          = unknown

PATH: /Applications/anaconda/bin
PATH: /usr/local/bin
PATH: /usr/bin
PATH: /bin
PATH: /usr/sbin
PATH: /sbin
PATH: /opt/X11/bin
PATH: /Library/TeX/texbin
PATH: /Users/tomas/bin


## ----------- ##
## Core tests. ##
## ----------- ##

configure:1879: checking for a BSD-compatible install
configure:1947: result: /usr/bin/install -c
configure:1958: checking whether build environment is sane
configure:2013: result: yes
configure:2164: checking for a thread-safe mkdir -p
configure:2203: result: ./install-sh -c -d
configure:2210: checking for gawk
configure:2240: result: no
configure:2210: checking for mawk
configure:2240: result: no
configure:2210: checking for nawk
configure:2240: result: no
configure:2210: checking for awk
configure:2226: found /usr/bin/awk
configure:2237: result: awk
configure:2248: checking whether make sets $(MAKE)
configure:2270: result: yes
configure:2299: checking whether make supports nested variables
configure:2316: result: yes
configure:2490: checking for gcc
configure:2506: found /usr/bin/gcc
configure:2517: result: gcc
configure:2746: checking for C compiler version
configure:2755: gcc --version >&5
Apple LLVM version 9.0.0 (clang-900.0.37)
Target: x86_64-apple-darwin16.7.0
Thread model: posix
InstalledDir: /Applications/Xcode.app/Contents/Developer/Toolchains/XcodeDefault.xctoolchain/usr/bin
Configured with: --prefix=/Applications/Xcode.app/Contents/Developer/usr --with-gxx-include-dir=/usr/include/c++/4.2.1
configure:2766: $? = 0
configure:2755: gcc -v >&5
Configured with: --prefix=/Applications/Xcode.app/Contents/Developer/usr --with-gxx-include-dir=/usr/include/c++/4.2.1
Apple LLVM version 9.0.0 (clang-900.0.37)
Target: x86_64-apple-darwin16.7.0
Thread model: posix
InstalledDir: /Applications/Xcode.app/Contents/Developer/Toolchains/XcodeDefault.xctoolchain/usr/bin
configure:2766: $? = 0
configure:2755: gcc -V >&5
clang: error: argument to '-V' is missing (expected 1 value)
clang: error: no input files
configure:2766: $? = 1
configure:2755: gcc -qversion >&5
clang: error: unknown argument: '-qversion'
clang: error: no input files
configure:2766: $? = 1
configure:2786: checking whether the C compiler works
configure:2808: gcc    conftest.c  >&5
configure:2812: $? = 0
configure:2860: result: yes
configure:2863: checking for C compiler default output file name
configure:2865: result: a.out
configure:2871: checking for suffix of executables
configure:2878: gcc -o conftest    conftest.c  >&5
configure:2882: $? = 0
configure:2904: result: 
configure:2926: checking whether we are cross compiling
configure:2934: gcc -o conftest    conftest.c  >&5
configure:2938: $? = 0
configure:2945: ./conftest
configure:2949: $? = 0
configure:2964: result: no
configure:2969: checking for suffix of object files
configure:2991: gcc -c   conftest.c >&5
configure:2995: $? = 0
configure:3016: result: o
configure:3020: checking whether we are using the GNU C compiler
configure:3039: gcc -c   conftest.c >&5
configure:3039: $? = 0
configure:3048: result: yes
configure:3057: checking whether gcc accepts -g
configure:3077: gcc -c -g  conftest.c >&5
configure:3077: $? = 0
configure:3118: result: yes
configure:3135: checking for gcc option to accept ISO C89
configure:3198: gcc  -c -g -O2  conftest.c >&5
configure:3198: $? = 0
configure:3211: result: none needed
configure:3236: checking whether gcc understands -c and -o together
configure:3258: gcc -c conftest.c -o conftest2.o
configure:3261: $? = 0
configure:3258: gcc -c conftest.c -o conftest2.o
configure:3261: $? = 0
configure:3273: result: yes
configure:3301: checking for style of include used by make
configure:3329: result: GNU
configure:3355: checking dependency style of gcc
configure:3466: result: gcc3
configure:3534: checking for gfortran
configure:3550: found /usr/local/bin/gfortran
configure:3561: result: gfortran
configure:3587: checking for Fortran compiler version
configure:3596: gfortran --version >&5
GNU Fortran (GCC) 6.2.0
Copyright (C) 2016 Free Software Foundation, Inc.
This is free software; see the source for copying conditions.  There is NO
warranty; not even for MERCHANTABILITY or FITNESS FOR A PARTICULAR PURPOSE.

configure:3607: $? = 0
configure:3596: gfortran -v >&5
Using built-in specs.
COLLECT_GCC=gfortran
COLLECT_LTO_WRAPPER=/usr/local/libexec/gcc/x86_64-apple-darwin15.6.0/6.2.0/lto-wrapper
Target: x86_64-apple-darwin15.6.0
Configured with: ../gcc-6.2.0/configure --enable-languages=c++,fortran --with-gmp=/usr/local
Thread model: posix
gcc version 6.2.0 (GCC) 
configure:3607: $? = 0
configure:3596: gfortran -V >&5
gfortran: error: unrecognized command line option '-V'
gfortran: fatal error: no input files
compilation terminated.
configure:3607: $? = 1
configure:3596: gfortran -qversion >&5
gfortran: error: unrecognized command line option '-qversion'; did you mean '--version'?
gfortran: fatal error: no input files
compilation terminated.
configure:3607: $? = 1
configure:3616: checking whether we are using the GNU Fortran compiler
configure:3629: gfortran -c   conftest.F >&5
configure:3629: $? = 0
configure:3638: result: yes
configure:3644: checking whether gfortran accepts -g
configure:3655: gfortran -c -g  conftest.f >&5
configure:3655: $? = 0
configure:3663: result: yes
configure:3742: checking for ar
configure:3758: found /usr/bin/ar
configure:3769: result: ar
configure:3795: checking the archiver (ar) interface
configure:3811: gcc -c -g -O2  conftest.c >&5
configure:3811: $? = 0
configure:3813: ar cru libconftest.a conftest.o >&5
configure:3816: $? = 0
configure:3844: result: ar
configure:3907: checking for ranlib
configure:3923: found /usr/bin/ranlib
configure:3934: result: ranlib
configure:4069: checking that generated files are newer than configure
configure:4075: result: done
configure:4098: creating ./config.status

## ---------------------- ##
## Running config.status. ##
## ---------------------- ##

This file was extended by aceto config.status 0.0.5, which was
generated by GNU Autoconf 2.69.  Invocation command line was

  CONFIG_FILES    = 
  CONFIG_HEADERS  = 
  CONFIG_LINKS    = 
  CONFIG_COMMANDS = 
  $ ./config.status 

on Tomass-MacBook-Pro.local

config.status:847: creating Makefile
config.status:847: creating src/Makefile
config.status:847: creating lib/Makefile
config.status:847: creating config.h
config.status:1028: config.h is unchanged
config.status:1076: executing depfiles commands

## ---------------- ##
## Cache variables. ##
## ---------------- ##

ac_cv_c_compiler_gnu=yes
ac_cv_env_CC_set=
ac_cv_env_CC_value=
ac_cv_env_CFLAGS_set=
ac_cv_env_CFLAGS_value=
ac_cv_env_CPPFLAGS_set=
ac_cv_env_CPPFLAGS_value=
ac_cv_env_FCFLAGS_set=
ac_cv_env_FCFLAGS_value=
ac_cv_env_FC_set=
ac_cv_env_FC_value=
ac_cv_env_LDFLAGS_set=
ac_cv_env_LDFLAGS_value=
ac_cv_env_LIBS_set=
ac_cv_env_LIBS_value=
ac_cv_env_build_alias_set=
ac_cv_env_build_alias_value=
ac_cv_env_host_alias_set=
ac_cv_env_host_alias_value=
ac_cv_env_target_alias_set=
ac_cv_env_target_alias_value=
ac_cv_fc_compiler_gnu=yes
ac_cv_objext=o
ac_cv_path_install='/usr/bin/install -c'
ac_cv_prog_AWK=awk
ac_cv_prog_ac_ct_AR=ar
ac_cv_prog_ac_ct_CC=gcc
ac_cv_prog_ac_ct_FC=gfortran
ac_cv_prog_ac_ct_RANLIB=ranlib
ac_cv_prog_cc_c89=
ac_cv_prog_cc_g=yes
ac_cv_prog_fc_g=yes
ac_cv_prog_make_make_set=yes
am_cv_CC_dependencies_compiler_type=gcc3
am_cv_ar_interface=ar
am_cv_make_support_nested_variables=yes
am_cv_prog_cc_c_o=yes

## ----------------- ##
## Output variables. ##
## ----------------- ##

ACLOCAL='${SHELL} /Users/tomas/GitHub/aceto/missing aclocal-1.15'
AMDEPBACKSLASH='\'
AMDEP_FALSE='#'
AMDEP_TRUE=''
AMTAR='$${TAR-tar}'
AM_BACKSLASH='\'
AM_DEFAULT_V='$(AM_DEFAULT_VERBOSITY)'
AM_DEFAULT_VERBOSITY='1'
AM_V='$(V)'
AR='ar'
AUTOCONF='${SHELL} /Users/tomas/GitHub/aceto/missing autoconf'
AUTOHEADER='${SHELL} /Users/tomas/GitHub/aceto/missing autoheader'
AUTOMAKE='${SHELL} /Users/tomas/GitHub/aceto/missing automake-1.15'
AWK='awk'
CC='gcc'
CCDEPMODE='depmode=gcc3'
CFLAGS='-g -O2'
CPPFLAGS=''
CYGPATH_W='echo'
DEFS='-DHAVE_CONFIG_H'
DEPDIR='.deps'
ECHO_C='\c'
ECHO_N=''
ECHO_T=''
EXEEXT=''
FC='gfortran'
FCFLAGS='-g -O2'
INSTALL_DATA='${INSTALL} -m 644'
INSTALL_PROGRAM='${INSTALL}'
INSTALL_SCRIPT='${INSTALL}'
INSTALL_STRIP_PROGRAM='$(install_sh) -c -s'
LDFLAGS=''
LIBOBJS=''
LIBS=''
LTLIBOBJS=''
MAKEINFO='${SHELL} /Users/tomas/GitHub/aceto/missing makeinfo'
MKDIR_P='./install-sh -c -d'
OBJEXT='o'
PACKAGE='aceto'
PACKAGE_BUGREPORT='mancal@karlov.mff.cuni.cz'
PACKAGE_NAME='aceto'
PACKAGE_STRING='aceto 0.0.5'
PACKAGE_TARNAME='aceto'
PACKAGE_URL=''
PACKAGE_VERSION='0.0.5'
PATH_SEPARATOR=':'
RANLIB='ranlib'
SET_MAKE=''
SHELL='/bin/sh'
STRIP=''
VERSION='0.0.5'
ac_ct_AR='ar'
ac_ct_CC='gcc'
ac_ct_FC='gfortran'
am__EXEEXT_FALSE=''
am__EXEEXT_TRUE='#'
am__fastdepCC_FALSE='#'
am__fastdepCC_TRUE=''
am__include='include'
am__isrc=''
am__leading_dot='.'
am__nodep='_no'
am__quote=''
am__tar='$${TAR-tar} chof - "$$tardir"'
am__untar='$${TAR-tar} xf -'
bindir='${exec_prefix}/bin'
build_alias=''
datadir='${datarootdir}'
datarootdir='${prefix}/share'
docdir='${datarootdir}/doc/${PACKAGE_TARNAME}'
dvidir='${docdir}'
exec_prefix='${prefix}'
host_alias=''
htmldir='${docdir}'
includedir='${prefix}/include'
infodir='${datarootdir}/info'
install_sh='${SHELL} /Users/tomas/GitHub/aceto/install-sh'
libdir='${exec_prefix}/lib'
libexecdir='${exec_prefix}/libexec'
localedir='${datarootdir}/locale'
localstatedir='${prefix}/var'
mandir='${datarootdir}/man'
mkdir_p='$(MKDIR_P)'
oldincludedir='/usr/include'
pdfdir='${docdir}'
prefix='/usr/local'
program_transform_name='s,x,x,'
psdir='${docdir}'
sbindir='${exec_prefix}/sbin'
sharedstatedir='${prefix}/com'
sysconfdir='${prefix}/etc'
target_alias=''

## ----------- ##
## confdefs.h. ##
## ----------- ##

/* confdefs.h */
#define PACKAGE_NAME "aceto"
#define PACKAGE_TARNAME "aceto"
#define PACKAGE_VERSION "0.0.5"
#define PACKAGE_STRING "aceto 0.0.5"
#define PACKAGE_BUGREPORT "mancal@karlov.mff.cuni.cz"
#define PACKAGE_URL ""
#define PACKAGE "aceto"
#define VERSION "0.0.5"

configure: exit 0

## ---------------------- ##
## Running config.status. ##
## ---------------------- ##

This file was extended by aceto config.status 0.0.5, which was
generated by GNU Autoconf 2.69.  Invocation command line was

  CONFIG_FILES    = 
  CONFIG_HEADERS  = 
  CONFIG_LINKS    = 
  CONFIG_COMMANDS = 
  $ ./config.status config.h

on Tomass-MacBook-Pro.local

config.status:847: creating config.h
config.status:1028: config.h is unchanged
